<?xml version="1.0" encoding="UTF-8"?>
<!-- Generated by org.testng.reporters.JUnitReportReporter -->
<testsuite hostname="DESKTOP-FLJ34K1" failures="0" tests="1" name="org.testSchoolManagementSystem.testSchoolLeavingCertificate" time="152.116" errors="0" timestamp="2024-04-05T15:07:54 IST" skipped="0">
  <testcase classname="org.testSchoolManagementSystem.testSchoolLeavingCertificate" name="testSchoolLCMethod" time="152.116">
    <system-out>
      <![CDATA[Execution of the test [testSchoolLCMethod] started
Administration Module is Selected!!
SchoolLeavingCertificate Selected!!
Searched for student and generated his LC!!
Downloaded the SchoolLeavingCertificate!!
It's a validate certificate!!
Test [testSchoolLCMethod] passed]]>
    </system-out>
  </testcase> <!-- testSchoolLCMethod -->
  <system-out>
    <![CDATA[Successfully Launched Chrome Browser
Browser window is maximized successfully
Execution of the test [testSchoolLCMethod] started
Administration Module is Selected!!
SchoolLeavingCertificate Selected!!
Searched for student and generated his LC!!
Downloaded the SchoolLeavingCertificate!!
It's a validate certificate!!
Test [testSchoolLCMethod] passed]]>
  </system-out>
</testsuite> <!-- org.testSchoolManagementSystem.testSchoolLeavingCertificate -->
